<?xml version="1.0" encoding="UTF-8"?>
<coverage generated="1585765884231" clover="3.2.0">
  <project timestamp="1585765884231" name="All files">
    <metrics statements="118" coveredstatements="115" conditionals="68" coveredconditionals="66" methods="15" coveredmethods="14" elements="201" coveredelements="195" complexity="0" loc="118" ncloc="118" packages="1" files="3" classes="3"/>
    <file name="constants.js" path="D:\kushal\react\Boggle\app\javascript\components\BoggleComponent\Engine\constants.js">
      <metrics statements="1" coveredstatements="1" conditionals="0" coveredconditionals="0" methods="0" coveredmethods="0"/>
      <line num="3" count="2" type="stmt"/>
    </file>
    <file name="helpers.js" path="D:\kushal\react\Boggle\app\javascript\components\BoggleComponent\Engine\helpers.js">
      <metrics statements="113" coveredstatements="111" conditionals="68" coveredconditionals="66" methods="12" coveredmethods="12"/>
      <line num="2" count="2" type="stmt"/>
      <line num="3" count="2" type="stmt"/>
      <line num="4" count="2" type="stmt"/>
      <line num="5" count="2" type="stmt"/>
      <line num="6" count="2" type="stmt"/>
      <line num="7" count="2" type="stmt"/>
      <line num="8" count="2" type="stmt"/>
      <line num="9" count="50" type="stmt"/>
      <line num="10" count="50" type="stmt"/>
      <line num="11" count="126" type="cond" truecount="2" falsecount="0"/>
      <line num="13" count="50" type="stmt"/>
      <line num="14" count="50" type="stmt"/>
      <line num="18" count="2" type="stmt"/>
      <line num="23" count="1" type="stmt"/>
      <line num="24" count="1" type="stmt"/>
      <line num="25" count="1" type="stmt"/>
      <line num="27" count="1" type="stmt"/>
      <line num="28" count="9" type="stmt"/>
      <line num="29" count="9" type="stmt"/>
      <line num="30" count="9" type="stmt"/>
      <line num="33" count="9" type="stmt"/>
      <line num="34" count="9" type="stmt"/>
      <line num="35" count="9" type="stmt"/>
      <line num="36" count="9" type="stmt"/>
      <line num="37" count="9" type="stmt"/>
      <line num="38" count="9" type="stmt"/>
      <line num="39" count="9" type="stmt"/>
      <line num="40" count="9" type="stmt"/>
      <line num="42" count="9" type="cond" truecount="2" falsecount="0"/>
      <line num="43" count="6" type="stmt"/>
      <line num="45" count="9" type="cond" truecount="2" falsecount="0"/>
      <line num="46" count="6" type="stmt"/>
      <line num="48" count="9" type="cond" truecount="2" falsecount="0"/>
      <line num="49" count="6" type="stmt"/>
      <line num="51" count="9" type="cond" truecount="2" falsecount="0"/>
      <line num="52" count="6" type="stmt"/>
      <line num="54" count="9" type="cond" truecount="2" falsecount="0"/>
      <line num="55" count="4" type="stmt"/>
      <line num="57" count="9" type="cond" truecount="2" falsecount="0"/>
      <line num="58" count="4" type="stmt"/>
      <line num="60" count="9" type="cond" truecount="2" falsecount="0"/>
      <line num="61" count="4" type="stmt"/>
      <line num="63" count="9" type="cond" truecount="2" falsecount="0"/>
      <line num="64" count="4" type="stmt"/>
      <line num="66" count="9" type="stmt"/>
      <line num="71" count="9" type="stmt"/>
      <line num="73" count="1" type="stmt"/>
      <line num="79" count="12" type="stmt"/>
      <line num="80" count="12" type="stmt"/>
      <line num="81" count="12" type="cond" truecount="4" falsecount="0"/>
      <line num="82" count="7" type="stmt"/>
      <line num="84" count="5" type="stmt"/>
      <line num="87" count="11" type="stmt"/>
      <line num="88" count="11" type="stmt"/>
      <line num="89" count="11" type="cond" truecount="4" falsecount="0"/>
      <line num="90" count="7" type="stmt"/>
      <line num="92" count="4" type="stmt"/>
      <line num="95" count="12" type="stmt"/>
      <line num="96" count="12" type="stmt"/>
      <line num="97" count="12" type="cond" truecount="4" falsecount="0"/>
      <line num="98" count="7" type="stmt"/>
      <line num="100" count="5" type="stmt"/>
      <line num="103" count="11" type="stmt"/>
      <line num="104" count="11" type="stmt"/>
      <line num="105" count="11" type="cond" truecount="4" falsecount="0"/>
      <line num="106" count="7" type="stmt"/>
      <line num="108" count="4" type="stmt"/>
      <line num="111" count="12" type="stmt"/>
      <line num="112" count="12" type="stmt"/>
      <line num="113" count="12" type="cond" truecount="4" falsecount="0"/>
      <line num="114" count="5" type="stmt"/>
      <line num="116" count="7" type="stmt"/>
      <line num="119" count="12" type="stmt"/>
      <line num="120" count="12" type="stmt"/>
      <line num="121" count="12" type="cond" truecount="4" falsecount="0"/>
      <line num="122" count="5" type="stmt"/>
      <line num="124" count="7" type="stmt"/>
      <line num="127" count="12" type="stmt"/>
      <line num="128" count="12" type="stmt"/>
      <line num="129" count="12" type="cond" truecount="4" falsecount="0"/>
      <line num="130" count="5" type="stmt"/>
      <line num="132" count="7" type="stmt"/>
      <line num="135" count="12" type="stmt"/>
      <line num="136" count="12" type="stmt"/>
      <line num="137" count="12" type="cond" truecount="4" falsecount="0"/>
      <line num="138" count="5" type="stmt"/>
      <line num="140" count="7" type="stmt"/>
      <line num="148" count="11" type="stmt"/>
      <line num="149" count="11" type="stmt"/>
      <line num="151" count="11" type="stmt"/>
      <line num="152" count="11" type="stmt"/>
      <line num="156" count="11" type="stmt"/>
      <line num="157" count="55" type="cond" truecount="2" falsecount="0"/>
      <line num="158" count="11" type="cond" truecount="1" falsecount="1"/>
      <line num="159" count="0" type="stmt"/>
      <line num="161" count="11" type="stmt"/>
      <line num="164" count="44" type="cond" truecount="2" falsecount="0"/>
      <line num="165" count="21" type="stmt"/>
      <line num="167" count="44" type="cond" truecount="1" falsecount="1"/>
      <line num="168" count="0" type="stmt"/>
      <line num="174" count="11" type="stmt"/>
      <line num="175" count="11" type="stmt"/>
      <line num="182" count="51" type="stmt"/>
      <line num="184" count="51" type="stmt"/>
      <line num="185" count="105" type="stmt"/>
      <line num="186" count="105" type="stmt"/>
      <line num="187" count="485" type="cond" truecount="2" falsecount="0"/>
      <line num="188" count="104" type="stmt"/>
      <line num="194" count="51" type="cond" truecount="4" falsecount="0"/>
      <line num="195" count="3" type="stmt"/>
      <line num="196" count="48" type="cond" truecount="4" falsecount="0"/>
      <line num="197" count="8" type="stmt"/>
      <line num="199" count="40" type="stmt"/>
    </file>
    <file name="service.js" path="D:\kushal\react\Boggle\app\javascript\components\BoggleComponent\Engine\service.js">
      <metrics statements="4" coveredstatements="3" conditionals="0" coveredconditionals="0" methods="3" coveredmethods="2"/>
      <line num="8" count="2" type="stmt"/>
      <line num="9" count="2" type="stmt"/>
      <line num="13" count="1" type="stmt"/>
      <line num="19" count="0" type="stmt"/>
    </file>
  </project>
</coverage>
