{"D:\\kushal\\react\\Boggle\\app\\javascript\\components\\BoggleComponent\\Engine\\constants.js": {"path":"D:\\kushal\\react\\Boggle\\app\\javascript\\components\\BoggleComponent\\Engine\\constants.js","statementMap":{"0":{"start":{"line":3,"column":15},"end":{"line":3,"column":30}}},"fnMap":{},"branchMap":{},"s":{"0":2},"f":{},"b":{},"_coverageSchema":"1a1c01bbd47fc00a2c39e90264f33305004495a9","hash":"103df3e3af67d23f9b3b363ca7812c8d82479dbd"}
,"D:\\kushal\\react\\Boggle\\app\\javascript\\components\\BoggleComponent\\Engine\\helpers.js": {"path":"D:\\kushal\\react\\Boggle\\app\\javascript\\components\\BoggleComponent\\Engine\\helpers.js","statementMap":{"0":{"start":{"line":2,"column":14},"end":{"line":2,"column":15}},"1":{"start":{"line":3,"column":14},"end":{"line":3,"column":17}},"2":{"start":{"line":4,"column":15},"end":{"line":4,"column":43}},"3":{"start":{"line":5,"column":19},"end":{"line":5,"column":40}},"4":{"start":{"line":6,"column":36},"end":{"line":6,"column":56}},"5":{"start":{"line":7,"column":17},"end":{"line":7,"column":19}},"6":{"start":{"line":8,"column":4},"end":{"line":17,"column":5}},"7":{"start":{"line":8,"column":14},"end":{"line":8,"column":15}},"8":{"start":{"line":9,"column":28},"end":{"line":9,"column":67}},"9":{"start":{"line":10,"column":8},"end":{"line":16,"column":9}},"10":{"start":{"line":10,"column":18},"end":{"line":10,"column":19}},"11":{"start":{"line":11,"column":12},"end":{"line":15,"column":13}},"12":{"start":{"line":13,"column":16},"end":{"line":13,"column":47}},"13":{"start":{"line":14,"column":16},"end":{"line":14,"column":22}},"14":{"start":{"line":18,"column":5},"end":{"line":18,"column":21}},"15":{"start":{"line":23,"column":31},"end":{"line":23,"column":49}},"16":{"start":{"line":24,"column":23},"end":{"line":24,"column":25}},"17":{"start":{"line":25,"column":19},"end":{"line":25,"column":33}},"18":{"start":{"line":27,"column":4},"end":{"line":72,"column":5}},"19":{"start":{"line":27,"column":17},"end":{"line":27,"column":18}},"20":{"start":{"line":28,"column":34},"end":{"line":28,"column":36}},"21":{"start":{"line":29,"column":27},"end":{"line":29,"column":29}},"22":{"start":{"line":30,"column":26},"end":{"line":30,"column":50}},"23":{"start":{"line":33,"column":20},"end":{"line":33,"column":64}},"24":{"start":{"line":34,"column":21},"end":{"line":34,"column":66}},"25":{"start":{"line":35,"column":19},"end":{"line":35,"column":62}},"26":{"start":{"line":36,"column":18},"end":{"line":36,"column":60}},"27":{"start":{"line":37,"column":27},"end":{"line":37,"column":77}},"28":{"start":{"line":38,"column":26},"end":{"line":38,"column":75}},"29":{"start":{"line":39,"column":23},"end":{"line":39,"column":69}},"30":{"start":{"line":40,"column":24},"end":{"line":40,"column":71}},"31":{"start":{"line":42,"column":8},"end":{"line":44,"column":9}},"32":{"start":{"line":43,"column":12},"end":{"line":43,"column":44}},"33":{"start":{"line":45,"column":8},"end":{"line":47,"column":9}},"34":{"start":{"line":46,"column":12},"end":{"line":46,"column":45}},"35":{"start":{"line":48,"column":8},"end":{"line":50,"column":9}},"36":{"start":{"line":49,"column":12},"end":{"line":49,"column":43}},"37":{"start":{"line":51,"column":8},"end":{"line":53,"column":9}},"38":{"start":{"line":52,"column":12},"end":{"line":52,"column":42}},"39":{"start":{"line":54,"column":8},"end":{"line":56,"column":9}},"40":{"start":{"line":55,"column":12},"end":{"line":55,"column":51}},"41":{"start":{"line":57,"column":8},"end":{"line":59,"column":9}},"42":{"start":{"line":58,"column":12},"end":{"line":58,"column":50}},"43":{"start":{"line":60,"column":8},"end":{"line":62,"column":9}},"44":{"start":{"line":61,"column":12},"end":{"line":61,"column":47}},"45":{"start":{"line":63,"column":8},"end":{"line":65,"column":9}},"46":{"start":{"line":64,"column":12},"end":{"line":64,"column":48}},"47":{"start":{"line":66,"column":8},"end":{"line":69,"column":10}},"48":{"start":{"line":71,"column":8},"end":{"line":71,"column":39}},"49":{"start":{"line":73,"column":4},"end":{"line":73,"column":24}},"50":{"start":{"line":79,"column":23},"end":{"line":79,"column":28}},"51":{"start":{"line":80,"column":21},"end":{"line":80,"column":56}},"52":{"start":{"line":81,"column":4},"end":{"line":83,"column":5}},"53":{"start":{"line":82,"column":8},"end":{"line":82,"column":28}},"54":{"start":{"line":84,"column":4},"end":{"line":84,"column":16}},"55":{"start":{"line":87,"column":23},"end":{"line":87,"column":35}},"56":{"start":{"line":88,"column":21},"end":{"line":88,"column":56}},"57":{"start":{"line":89,"column":4},"end":{"line":91,"column":5}},"58":{"start":{"line":90,"column":8},"end":{"line":90,"column":28}},"59":{"start":{"line":92,"column":4},"end":{"line":92,"column":16}},"60":{"start":{"line":95,"column":23},"end":{"line":95,"column":28}},"61":{"start":{"line":96,"column":21},"end":{"line":96,"column":56}},"62":{"start":{"line":97,"column":4},"end":{"line":99,"column":5}},"63":{"start":{"line":98,"column":8},"end":{"line":98,"column":28}},"64":{"start":{"line":100,"column":4},"end":{"line":100,"column":16}},"65":{"start":{"line":103,"column":23},"end":{"line":103,"column":35}},"66":{"start":{"line":104,"column":21},"end":{"line":104,"column":56}},"67":{"start":{"line":105,"column":4},"end":{"line":107,"column":5}},"68":{"start":{"line":106,"column":8},"end":{"line":106,"column":28}},"69":{"start":{"line":108,"column":4},"end":{"line":108,"column":16}},"70":{"start":{"line":111,"column":23},"end":{"line":111,"column":41}},"71":{"start":{"line":112,"column":21},"end":{"line":112,"column":56}},"72":{"start":{"line":113,"column":4},"end":{"line":115,"column":5}},"73":{"start":{"line":114,"column":8},"end":{"line":114,"column":28}},"74":{"start":{"line":116,"column":4},"end":{"line":116,"column":16}},"75":{"start":{"line":119,"column":23},"end":{"line":119,"column":41}},"76":{"start":{"line":120,"column":21},"end":{"line":120,"column":56}},"77":{"start":{"line":121,"column":4},"end":{"line":123,"column":5}},"78":{"start":{"line":122,"column":8},"end":{"line":122,"column":28}},"79":{"start":{"line":124,"column":4},"end":{"line":124,"column":16}},"80":{"start":{"line":127,"column":23},"end":{"line":127,"column":41}},"81":{"start":{"line":128,"column":21},"end":{"line":128,"column":56}},"82":{"start":{"line":129,"column":4},"end":{"line":131,"column":5}},"83":{"start":{"line":130,"column":8},"end":{"line":130,"column":28}},"84":{"start":{"line":132,"column":4},"end":{"line":132,"column":16}},"85":{"start":{"line":135,"column":23},"end":{"line":135,"column":41}},"86":{"start":{"line":136,"column":21},"end":{"line":136,"column":56}},"87":{"start":{"line":137,"column":4},"end":{"line":139,"column":5}},"88":{"start":{"line":138,"column":8},"end":{"line":138,"column":28}},"89":{"start":{"line":140,"column":4},"end":{"line":140,"column":16}},"90":{"start":{"line":148,"column":27},"end":{"line":148,"column":45}},"91":{"start":{"line":149,"column":29},"end":{"line":149,"column":42}},"92":{"start":{"line":151,"column":21},"end":{"line":151,"column":35}},"93":{"start":{"line":152,"column":20},"end":{"line":152,"column":22}},"94":{"start":{"line":156,"column":4},"end":{"line":171,"column":5}},"95":{"start":{"line":156,"column":17},"end":{"line":156,"column":18}},"96":{"start":{"line":156,"column":25},"end":{"line":156,"column":52}},"97":{"start":{"line":157,"column":8},"end":{"line":162,"column":9}},"98":{"start":{"line":158,"column":12},"end":{"line":160,"column":13}},"99":{"start":{"line":159,"column":16},"end":{"line":159,"column":34}},"100":{"start":{"line":161,"column":12},"end":{"line":161,"column":18}},"101":{"start":{"line":164,"column":8},"end":{"line":166,"column":9}},"102":{"start":{"line":165,"column":12},"end":{"line":165,"column":30}},"103":{"start":{"line":167,"column":8},"end":{"line":169,"column":9}},"104":{"start":{"line":168,"column":12},"end":{"line":168,"column":30}},"105":{"start":{"line":174,"column":17},"end":{"line":174,"column":96}},"106":{"start":{"line":175,"column":4},"end":{"line":175,"column":18}},"107":{"start":{"line":182,"column":30},"end":{"line":182,"column":32}},"108":{"start":{"line":184,"column":4},"end":{"line":192,"column":5}},"109":{"start":{"line":184,"column":17},"end":{"line":184,"column":18}},"110":{"start":{"line":185,"column":20},"end":{"line":185,"column":37}},"111":{"start":{"line":186,"column":8},"end":{"line":190,"column":9}},"112":{"start":{"line":186,"column":21},"end":{"line":186,"column":22}},"113":{"start":{"line":187,"column":12},"end":{"line":189,"column":13}},"114":{"start":{"line":188,"column":16},"end":{"line":188,"column":86}},"115":{"start":{"line":194,"column":4},"end":{"line":200,"column":5}},"116":{"start":{"line":195,"column":8},"end":{"line":195,"column":21}},"117":{"start":{"line":196,"column":11},"end":{"line":200,"column":5}},"118":{"start":{"line":197,"column":8},"end":{"line":197,"column":20}},"119":{"start":{"line":199,"column":8},"end":{"line":199,"column":126}}},"fnMap":{"0":{"name":"generateAlphabets","decl":{"start":{"line":1,"column":16},"end":{"line":1,"column":33}},"loc":{"start":{"line":1,"column":70},"end":{"line":19,"column":1}},"line":1},"1":{"name":"generatePossibleMoves","decl":{"start":{"line":22,"column":16},"end":{"line":22,"column":37}},"loc":{"start":{"line":22,"column":63},"end":{"line":75,"column":1}},"line":22},"2":{"name":"calculateMoveRight","decl":{"start":{"line":78,"column":16},"end":{"line":78,"column":34}},"loc":{"start":{"line":78,"column":61},"end":{"line":85,"column":1}},"line":78},"3":{"name":"calculateMoveBottom","decl":{"start":{"line":86,"column":16},"end":{"line":86,"column":35}},"loc":{"start":{"line":86,"column":62},"end":{"line":93,"column":1}},"line":86},"4":{"name":"calculateMoveLeft","decl":{"start":{"line":94,"column":16},"end":{"line":94,"column":33}},"loc":{"start":{"line":94,"column":60},"end":{"line":101,"column":1}},"line":94},"5":{"name":"calculateMoveTop","decl":{"start":{"line":102,"column":16},"end":{"line":102,"column":32}},"loc":{"start":{"line":102,"column":59},"end":{"line":109,"column":1}},"line":102},"6":{"name":"calculateMoveBottomRight","decl":{"start":{"line":110,"column":16},"end":{"line":110,"column":40}},"loc":{"start":{"line":110,"column":67},"end":{"line":117,"column":1}},"line":110},"7":{"name":"calculateMoveBottomLeft","decl":{"start":{"line":118,"column":16},"end":{"line":118,"column":39}},"loc":{"start":{"line":118,"column":66},"end":{"line":125,"column":1}},"line":118},"8":{"name":"calculateMoveTopLeft","decl":{"start":{"line":126,"column":16},"end":{"line":126,"column":36}},"loc":{"start":{"line":126,"column":63},"end":{"line":133,"column":1}},"line":126},"9":{"name":"calculateMoveTopRight","decl":{"start":{"line":134,"column":16},"end":{"line":134,"column":37}},"loc":{"start":{"line":134,"column":64},"end":{"line":141,"column":1}},"line":134},"10":{"name":"validateWord","decl":{"start":{"line":146,"column":16},"end":{"line":146,"column":28}},"loc":{"start":{"line":146,"column":68},"end":{"line":176,"column":1}},"line":146},"11":{"name":"checkTraverseValidity","decl":{"start":{"line":180,"column":16},"end":{"line":180,"column":37}},"loc":{"start":{"line":180,"column":116},"end":{"line":202,"column":1}},"line":180}},"branchMap":{"0":{"loc":{"start":{"line":11,"column":12},"end":{"line":15,"column":13}},"type":"if","locations":[{"start":{"line":11,"column":12},"end":{"line":15,"column":13}},{"start":{"line":11,"column":12},"end":{"line":15,"column":13}}],"line":11},"1":{"loc":{"start":{"line":42,"column":8},"end":{"line":44,"column":9}},"type":"if","locations":[{"start":{"line":42,"column":8},"end":{"line":44,"column":9}},{"start":{"line":42,"column":8},"end":{"line":44,"column":9}}],"line":42},"2":{"loc":{"start":{"line":45,"column":8},"end":{"line":47,"column":9}},"type":"if","locations":[{"start":{"line":45,"column":8},"end":{"line":47,"column":9}},{"start":{"line":45,"column":8},"end":{"line":47,"column":9}}],"line":45},"3":{"loc":{"start":{"line":48,"column":8},"end":{"line":50,"column":9}},"type":"if","locations":[{"start":{"line":48,"column":8},"end":{"line":50,"column":9}},{"start":{"line":48,"column":8},"end":{"line":50,"column":9}}],"line":48},"4":{"loc":{"start":{"line":51,"column":8},"end":{"line":53,"column":9}},"type":"if","locations":[{"start":{"line":51,"column":8},"end":{"line":53,"column":9}},{"start":{"line":51,"column":8},"end":{"line":53,"column":9}}],"line":51},"5":{"loc":{"start":{"line":54,"column":8},"end":{"line":56,"column":9}},"type":"if","locations":[{"start":{"line":54,"column":8},"end":{"line":56,"column":9}},{"start":{"line":54,"column":8},"end":{"line":56,"column":9}}],"line":54},"6":{"loc":{"start":{"line":57,"column":8},"end":{"line":59,"column":9}},"type":"if","locations":[{"start":{"line":57,"column":8},"end":{"line":59,"column":9}},{"start":{"line":57,"column":8},"end":{"line":59,"column":9}}],"line":57},"7":{"loc":{"start":{"line":60,"column":8},"end":{"line":62,"column":9}},"type":"if","locations":[{"start":{"line":60,"column":8},"end":{"line":62,"column":9}},{"start":{"line":60,"column":8},"end":{"line":62,"column":9}}],"line":60},"8":{"loc":{"start":{"line":63,"column":8},"end":{"line":65,"column":9}},"type":"if","locations":[{"start":{"line":63,"column":8},"end":{"line":65,"column":9}},{"start":{"line":63,"column":8},"end":{"line":65,"column":9}}],"line":63},"9":{"loc":{"start":{"line":81,"column":4},"end":{"line":83,"column":5}},"type":"if","locations":[{"start":{"line":81,"column":4},"end":{"line":83,"column":5}},{"start":{"line":81,"column":4},"end":{"line":83,"column":5}}],"line":81},"10":{"loc":{"start":{"line":81,"column":8},"end":{"line":81,"column":79}},"type":"binary-expr","locations":[{"start":{"line":81,"column":8},"end":{"line":81,"column":39}},{"start":{"line":81,"column":43},"end":{"line":81,"column":79}}],"line":81},"11":{"loc":{"start":{"line":89,"column":4},"end":{"line":91,"column":5}},"type":"if","locations":[{"start":{"line":89,"column":4},"end":{"line":91,"column":5}},{"start":{"line":89,"column":4},"end":{"line":91,"column":5}}],"line":89},"12":{"loc":{"start":{"line":89,"column":8},"end":{"line":89,"column":79}},"type":"binary-expr","locations":[{"start":{"line":89,"column":8},"end":{"line":89,"column":39}},{"start":{"line":89,"column":43},"end":{"line":89,"column":79}}],"line":89},"13":{"loc":{"start":{"line":97,"column":4},"end":{"line":99,"column":5}},"type":"if","locations":[{"start":{"line":97,"column":4},"end":{"line":99,"column":5}},{"start":{"line":97,"column":4},"end":{"line":99,"column":5}}],"line":97},"14":{"loc":{"start":{"line":97,"column":8},"end":{"line":97,"column":60}},"type":"binary-expr","locations":[{"start":{"line":97,"column":8},"end":{"line":97,"column":39}},{"start":{"line":97,"column":43},"end":{"line":97,"column":60}}],"line":97},"15":{"loc":{"start":{"line":105,"column":4},"end":{"line":107,"column":5}},"type":"if","locations":[{"start":{"line":105,"column":4},"end":{"line":107,"column":5}},{"start":{"line":105,"column":4},"end":{"line":107,"column":5}}],"line":105},"16":{"loc":{"start":{"line":105,"column":8},"end":{"line":105,"column":60}},"type":"binary-expr","locations":[{"start":{"line":105,"column":8},"end":{"line":105,"column":39}},{"start":{"line":105,"column":43},"end":{"line":105,"column":60}}],"line":105},"17":{"loc":{"start":{"line":113,"column":4},"end":{"line":115,"column":5}},"type":"if","locations":[{"start":{"line":113,"column":4},"end":{"line":115,"column":5}},{"start":{"line":113,"column":4},"end":{"line":115,"column":5}}],"line":113},"18":{"loc":{"start":{"line":113,"column":8},"end":{"line":113,"column":79}},"type":"binary-expr","locations":[{"start":{"line":113,"column":8},"end":{"line":113,"column":39}},{"start":{"line":113,"column":43},"end":{"line":113,"column":79}}],"line":113},"19":{"loc":{"start":{"line":121,"column":4},"end":{"line":123,"column":5}},"type":"if","locations":[{"start":{"line":121,"column":4},"end":{"line":123,"column":5}},{"start":{"line":121,"column":4},"end":{"line":123,"column":5}}],"line":121},"20":{"loc":{"start":{"line":121,"column":8},"end":{"line":121,"column":79}},"type":"binary-expr","locations":[{"start":{"line":121,"column":8},"end":{"line":121,"column":39}},{"start":{"line":121,"column":43},"end":{"line":121,"column":79}}],"line":121},"21":{"loc":{"start":{"line":129,"column":4},"end":{"line":131,"column":5}},"type":"if","locations":[{"start":{"line":129,"column":4},"end":{"line":131,"column":5}},{"start":{"line":129,"column":4},"end":{"line":131,"column":5}}],"line":129},"22":{"loc":{"start":{"line":129,"column":8},"end":{"line":129,"column":60}},"type":"binary-expr","locations":[{"start":{"line":129,"column":8},"end":{"line":129,"column":39}},{"start":{"line":129,"column":43},"end":{"line":129,"column":60}}],"line":129},"23":{"loc":{"start":{"line":137,"column":4},"end":{"line":139,"column":5}},"type":"if","locations":[{"start":{"line":137,"column":4},"end":{"line":139,"column":5}},{"start":{"line":137,"column":4},"end":{"line":139,"column":5}}],"line":137},"24":{"loc":{"start":{"line":137,"column":8},"end":{"line":137,"column":60}},"type":"binary-expr","locations":[{"start":{"line":137,"column":8},"end":{"line":137,"column":39}},{"start":{"line":137,"column":43},"end":{"line":137,"column":60}}],"line":137},"25":{"loc":{"start":{"line":157,"column":8},"end":{"line":162,"column":9}},"type":"if","locations":[{"start":{"line":157,"column":8},"end":{"line":162,"column":9}},{"start":{"line":157,"column":8},"end":{"line":162,"column":9}}],"line":157},"26":{"loc":{"start":{"line":158,"column":12},"end":{"line":160,"column":13}},"type":"if","locations":[{"start":{"line":158,"column":12},"end":{"line":160,"column":13}},{"start":{"line":158,"column":12},"end":{"line":160,"column":13}}],"line":158},"27":{"loc":{"start":{"line":164,"column":8},"end":{"line":166,"column":9}},"type":"if","locations":[{"start":{"line":164,"column":8},"end":{"line":166,"column":9}},{"start":{"line":164,"column":8},"end":{"line":166,"column":9}}],"line":164},"28":{"loc":{"start":{"line":167,"column":8},"end":{"line":169,"column":9}},"type":"if","locations":[{"start":{"line":167,"column":8},"end":{"line":169,"column":9}},{"start":{"line":167,"column":8},"end":{"line":169,"column":9}}],"line":167},"29":{"loc":{"start":{"line":187,"column":12},"end":{"line":189,"column":13}},"type":"if","locations":[{"start":{"line":187,"column":12},"end":{"line":189,"column":13}},{"start":{"line":187,"column":12},"end":{"line":189,"column":13}}],"line":187},"30":{"loc":{"start":{"line":194,"column":4},"end":{"line":200,"column":5}},"type":"if","locations":[{"start":{"line":194,"column":4},"end":{"line":200,"column":5}},{"start":{"line":194,"column":4},"end":{"line":200,"column":5}}],"line":194},"31":{"loc":{"start":{"line":194,"column":8},"end":{"line":194,"column":80}},"type":"binary-expr","locations":[{"start":{"line":194,"column":8},"end":{"line":194,"column":39}},{"start":{"line":194,"column":43},"end":{"line":194,"column":80}}],"line":194},"32":{"loc":{"start":{"line":196,"column":11},"end":{"line":200,"column":5}},"type":"if","locations":[{"start":{"line":196,"column":11},"end":{"line":200,"column":5}},{"start":{"line":196,"column":11},"end":{"line":200,"column":5}}],"line":196},"33":{"loc":{"start":{"line":196,"column":15},"end":{"line":196,"column":87}},"type":"binary-expr","locations":[{"start":{"line":196,"column":15},"end":{"line":196,"column":46}},{"start":{"line":196,"column":50},"end":{"line":196,"column":87}}],"line":196}},"s":{"0":2,"1":2,"2":2,"3":2,"4":2,"5":2,"6":2,"7":2,"8":50,"9":50,"10":50,"11":126,"12":50,"13":50,"14":2,"15":1,"16":1,"17":1,"18":1,"19":1,"20":9,"21":9,"22":9,"23":9,"24":9,"25":9,"26":9,"27":9,"28":9,"29":9,"30":9,"31":9,"32":6,"33":9,"34":6,"35":9,"36":6,"37":9,"38":6,"39":9,"40":4,"41":9,"42":4,"43":9,"44":4,"45":9,"46":4,"47":9,"48":9,"49":1,"50":12,"51":12,"52":12,"53":7,"54":5,"55":11,"56":11,"57":11,"58":7,"59":4,"60":12,"61":12,"62":12,"63":7,"64":5,"65":11,"66":11,"67":11,"68":7,"69":4,"70":12,"71":12,"72":12,"73":5,"74":7,"75":12,"76":12,"77":12,"78":5,"79":7,"80":12,"81":12,"82":12,"83":5,"84":7,"85":12,"86":12,"87":12,"88":5,"89":7,"90":11,"91":11,"92":11,"93":11,"94":11,"95":11,"96":11,"97":55,"98":11,"99":0,"100":11,"101":44,"102":21,"103":44,"104":0,"105":11,"106":11,"107":51,"108":51,"109":51,"110":105,"111":105,"112":105,"113":485,"114":104,"115":51,"116":3,"117":48,"118":8,"119":40},"f":{"0":2,"1":1,"2":12,"3":11,"4":12,"5":11,"6":12,"7":12,"8":12,"9":12,"10":11,"11":51},"b":{"0":[50,76],"1":[6,3],"2":[6,3],"3":[6,3],"4":[6,3],"5":[4,5],"6":[4,5],"7":[4,5],"8":[4,5],"9":[7,5],"10":[12,7],"11":[7,4],"12":[11,11],"13":[7,5],"14":[12,7],"15":[7,4],"16":[11,11],"17":[5,7],"18":[12,7],"19":[5,7],"20":[12,8],"21":[5,7],"22":[12,7],"23":[5,7],"24":[12,7],"25":[11,44],"26":[0,11],"27":[21,23],"28":[0,44],"29":[104,381],"30":[3,48],"31":[51,4],"32":[8,40],"33":[48,47]},"_coverageSchema":"1a1c01bbd47fc00a2c39e90264f33305004495a9","hash":"d5fe7acadc7c87c884065beefe96573bbe41bc70"}
,"D:\\kushal\\react\\Boggle\\app\\javascript\\components\\BoggleComponent\\Engine\\service.js": {"path":"D:\\kushal\\react\\Boggle\\app\\javascript\\components\\BoggleComponent\\Engine\\service.js","statementMap":{"0":{"start":{"line":8,"column":8},"end":{"line":8,"column":36}},"1":{"start":{"line":9,"column":8},"end":{"line":9,"column":24}},"2":{"start":{"line":13,"column":6},"end":{"line":19,"column":43}},"3":{"start":{"line":19,"column":27},"end":{"line":19,"column":42}}},"fnMap":{"0":{"name":"(anonymous_0)","decl":{"start":{"line":7,"column":4},"end":{"line":7,"column":5}},"loc":{"start":{"line":7,"column":22},"end":{"line":10,"column":5}},"line":7},"1":{"name":"(anonymous_1)","decl":{"start":{"line":12,"column":4},"end":{"line":12,"column":5}},"loc":{"start":{"line":12,"column":29},"end":{"line":21,"column":5}},"line":12},"2":{"name":"(anonymous_2)","decl":{"start":{"line":19,"column":16},"end":{"line":19,"column":17}},"loc":{"start":{"line":19,"column":27},"end":{"line":19,"column":42}},"line":19}},"branchMap":{},"s":{"0":2,"1":2,"2":1,"3":0},"f":{"0":2,"1":1,"2":0},"b":{},"_coverageSchema":"1a1c01bbd47fc00a2c39e90264f33305004495a9","hash":"70965f9761d820c091ff196d131e745f57ce3253"}
}
