TN:
SF:app\javascript\components\BoggleComponent\Engine\constants.js
FNF:0
FNH:0
DA:3,2
LF:1
LH:1
BRF:0
BRH:0
end_of_record
TN:
SF:app\javascript\components\BoggleComponent\Engine\helpers.js
FN:1,generateAlphabets
FN:22,generatePossibleMoves
FN:78,calculateMoveRight
FN:86,calculateMoveBottom
FN:94,calculateMoveLeft
FN:102,calculateMoveTop
FN:110,calculateMoveBottomRight
FN:118,calculateMoveBottomLeft
FN:126,calculateMoveTopLeft
FN:134,calculateMoveTopRight
FN:146,validateWord
FN:180,checkTraverseValidity
FNF:12
FNH:12
FNDA:2,generateAlphabets
FNDA:1,generatePossibleMoves
FNDA:12,calculateMoveRight
FNDA:11,calculateMoveBottom
FNDA:12,calculateMoveLeft
FNDA:11,calculateMoveTop
FNDA:12,calculateMoveBottomRight
FNDA:12,calculateMoveBottomLeft
FNDA:12,calculateMoveTopLeft
FNDA:12,calculateMoveTopRight
FNDA:11,validateWord
FNDA:51,checkTraverseValidity
DA:2,2
DA:3,2
DA:4,2
DA:5,2
DA:6,2
DA:7,2
DA:8,2
DA:9,50
DA:10,50
DA:11,126
DA:13,50
DA:14,50
DA:18,2
DA:23,1
DA:24,1
DA:25,1
DA:27,1
DA:28,9
DA:29,9
DA:30,9
DA:33,9
DA:34,9
DA:35,9
DA:36,9
DA:37,9
DA:38,9
DA:39,9
DA:40,9
DA:42,9
DA:43,6
DA:45,9
DA:46,6
DA:48,9
DA:49,6
DA:51,9
DA:52,6
DA:54,9
DA:55,4
DA:57,9
DA:58,4
DA:60,9
DA:61,4
DA:63,9
DA:64,4
DA:66,9
DA:71,9
DA:73,1
DA:79,12
DA:80,12
DA:81,12
DA:82,7
DA:84,5
DA:87,11
DA:88,11
DA:89,11
DA:90,7
DA:92,4
DA:95,12
DA:96,12
DA:97,12
DA:98,7
DA:100,5
DA:103,11
DA:104,11
DA:105,11
DA:106,7
DA:108,4
DA:111,12
DA:112,12
DA:113,12
DA:114,5
DA:116,7
DA:119,12
DA:120,12
DA:121,12
DA:122,5
DA:124,7
DA:127,12
DA:128,12
DA:129,12
DA:130,5
DA:132,7
DA:135,12
DA:136,12
DA:137,12
DA:138,5
DA:140,7
DA:148,11
DA:149,11
DA:151,11
DA:152,11
DA:156,11
DA:157,55
DA:158,11
DA:159,0
DA:161,11
DA:164,44
DA:165,21
DA:167,44
DA:168,0
DA:174,11
DA:175,11
DA:182,51
DA:184,51
DA:185,105
DA:186,105
DA:187,485
DA:188,104
DA:194,51
DA:195,3
DA:196,48
DA:197,8
DA:199,40
LF:113
LH:111
BRDA:11,0,0,50
BRDA:11,0,1,76
BRDA:42,1,0,6
BRDA:42,1,1,3
BRDA:45,2,0,6
BRDA:45,2,1,3
BRDA:48,3,0,6
BRDA:48,3,1,3
BRDA:51,4,0,6
BRDA:51,4,1,3
BRDA:54,5,0,4
BRDA:54,5,1,5
BRDA:57,6,0,4
BRDA:57,6,1,5
BRDA:60,7,0,4
BRDA:60,7,1,5
BRDA:63,8,0,4
BRDA:63,8,1,5
BRDA:81,9,0,7
BRDA:81,9,1,5
BRDA:81,10,0,12
BRDA:81,10,1,7
BRDA:89,11,0,7
BRDA:89,11,1,4
BRDA:89,12,0,11
BRDA:89,12,1,11
BRDA:97,13,0,7
BRDA:97,13,1,5
BRDA:97,14,0,12
BRDA:97,14,1,7
BRDA:105,15,0,7
BRDA:105,15,1,4
BRDA:105,16,0,11
BRDA:105,16,1,11
BRDA:113,17,0,5
BRDA:113,17,1,7
BRDA:113,18,0,12
BRDA:113,18,1,7
BRDA:121,19,0,5
BRDA:121,19,1,7
BRDA:121,20,0,12
BRDA:121,20,1,8
BRDA:129,21,0,5
BRDA:129,21,1,7
BRDA:129,22,0,12
BRDA:129,22,1,7
BRDA:137,23,0,5
BRDA:137,23,1,7
BRDA:137,24,0,12
BRDA:137,24,1,7
BRDA:157,25,0,11
BRDA:157,25,1,44
BRDA:158,26,0,0
BRDA:158,26,1,11
BRDA:164,27,0,21
BRDA:164,27,1,23
BRDA:167,28,0,0
BRDA:167,28,1,44
BRDA:187,29,0,104
BRDA:187,29,1,381
BRDA:194,30,0,3
BRDA:194,30,1,48
BRDA:194,31,0,51
BRDA:194,31,1,4
BRDA:196,32,0,8
BRDA:196,32,1,40
BRDA:196,33,0,48
BRDA:196,33,1,47
BRF:68
BRH:66
end_of_record
TN:
SF:app\javascript\components\BoggleComponent\Engine\service.js
FN:7,(anonymous_0)
FN:12,(anonymous_1)
FN:19,(anonymous_2)
FNF:3
FNH:2
FNDA:2,(anonymous_0)
FNDA:1,(anonymous_1)
FNDA:0,(anonymous_2)
DA:8,2
DA:9,2
DA:13,1
DA:19,0
LF:4
LH:3
BRF:0
BRH:0
end_of_record
